# JRE version: OpenJDK Runtime Environment (8.0_242-b01) (build 1.8.0_242-release-1644-b01)
# Java VM: OpenJDK 64-Bit Server VM (25.242-b01 mixed mode windows-amd64 compressed oops)
Heap:
 PSYoungGen      total 586752K, used 498252K [0x00000000d5580000, 0x0000000100000000, 0x0000000100000000)
  eden space 529920K, 83% used [0x00000000d5580000,0x00000000f07f6ee8,0x00000000f5b00000)
  from space 56832K, 93% used [0x00000000f5b00000,0x00000000f8f1c420,0x00000000f9280000)
  to   space 64512K, 0% used [0x00000000fc100000,0x00000000fc100000,0x0000000100000000)
 ParOldGen       total 155136K, used 74006K [0x0000000080000000, 0x0000000089780000, 0x00000000d5580000)
  object space 155136K, 47% used [0x0000000080000000,0x0000000084845820,0x0000000089780000)
 Metaspace       used 123141K, capacity 132996K, committed 133272K, reserved 1165312K
  class space    used 15733K, capacity 17467K, committed 17584K, reserved 1048576K
GC Heap History (10 events):
Event: 5773.436 GC heap before
{Heap before GC invocations=29 (full 4):
 PSYoungGen      total 476672K, used 469922K [0x00000000d5580000, 0x00000000f4680000, 0x0000000100000000)
  eden space 451584K, 99% used [0x00000000d5580000,0x00000000f0e68f48,0x00000000f0e80000)
  from space 25088K, 73% used [0x00000000f2e00000,0x00000000f3fffb68,0x00000000f4680000)
  to   space 28672K, 0% used [0x00000000f0e80000,0x00000000f0e80000,0x00000000f2a80000)
 ParOldGen       total 155136K, used 50869K [0x0000000080000000, 0x0000000089780000, 0x00000000d5580000)
  object space 155136K, 32% used [0x0000000080000000,0x00000000831ad5d0,0x0000000089780000)
 Metaspace       used 99078K, capacity 106968K, committed 107160K, reserved 1142784K
  class space    used 12697K, capacity 13974K, committed 14000K, reserved 1048576K
Event: 5774.300 GC heap after
Heap after GC invocations=29 (full 4):
 PSYoungGen      total 480256K, used 24939K [0x00000000d5580000, 0x00000000f6400000, 0x0000000100000000)
  eden space 451584K, 0% used [0x00000000d5580000,0x00000000d5580000,0x00000000f0e80000)
  from space 28672K, 86% used [0x00000000f0e80000,0x00000000f26daff8,0x00000000f2a80000)
  to   space 31232K, 0% used [0x00000000f4580000,0x00000000f4580000,0x00000000f6400000)
 ParOldGen       total 155136K, used 50877K [0x0000000080000000, 0x0000000089780000, 0x00000000d5580000)
  object space 155136K, 32% used [0x0000000080000000,0x00000000831af5d0,0x0000000089780000)
 Metaspace       used 99078K, capacity 106968K, committed 107160K, reserved 1142784K
  class space    used 12697K, capacity 13974K, committed 14000K, reserved 1048576K
}
Event: 7464.951 GC heap before
{Heap before GC invocations=30 (full 4):
 PSYoungGen      total 480256K, used 476523K [0x00000000d5580000, 0x00000000f6400000, 0x0000000100000000)
  eden space 451584K, 100% used [0x00000000d5580000,0x00000000f0e80000,0x00000000f0e80000)
  from space 28672K, 86% used [0x00000000f0e80000,0x00000000f26daff8,0x00000000f2a80000)
  to   space 31232K, 0% used [0x00000000f4580000,0x00000000f4580000,0x00000000f6400000)
 ParOldGen       total 155136K, used 50877K [0x0000000080000000, 0x0000000089780000, 0x00000000d5580000)
  object space 155136K, 32% used [0x0000000080000000,0x00000000831af5d0,0x0000000089780000)
 Metaspace       used 117021K, capacity 126124K, committed 126232K, reserved 1159168K
  class space    used 15055K, capacity 16610K, committed 16688K, reserved 1048576K
Event: 7471.748 GC heap after
Heap after GC invocations=30 (full 4):
 PSYoungGen      total 499200K, used 31204K [0x00000000d5580000, 0x00000000f7480000, 0x0000000100000000)
  eden space 467968K, 0% used [0x00000000d5580000,0x00000000d5580000,0x00000000f1e80000)
  from space 31232K, 99% used [0x00000000f4580000,0x00000000f63f90f0,0x00000000f6400000)
  to   space 39936K, 0% used [0x00000000f1e80000,0x00000000f1e80000,0x00000000f4580000)
 ParOldGen       total 155136K, used 62150K [0x0000000080000000, 0x0000000089780000, 0x00000000d5580000)
  object space 155136K, 40% used [0x0000000080000000,0x0000000083cb1968,0x0000000089780000)
 Metaspace       used 117021K, capacity 126124K, committed 126232K, reserved 1159168K
  class space    used 15055K, capacity 16610K, committed 16688K, reserved 1048576K
}
Event: 7555.362 GC heap before
{Heap before GC invocations=31 (full 4):
 PSYoungGen      total 499200K, used 499172K [0x00000000d5580000, 0x00000000f7480000, 0x0000000100000000)
  eden space 467968K, 100% used [0x00000000d5580000,0x00000000f1e80000,0x00000000f1e80000)
  from space 31232K, 99% used [0x00000000f4580000,0x00000000f63f90f0,0x00000000f6400000)
  to   space 39936K, 0% used [0x00000000f1e80000,0x00000000f1e80000,0x00000000f4580000)
 ParOldGen       total 155136K, used 62150K [0x0000000080000000, 0x0000000089780000, 0x00000000d5580000)
  object space 155136K, 40% used [0x0000000080000000,0x0000000083cb1968,0x0000000089780000)
 Metaspace       used 119467K, capacity 128776K, committed 129048K, reserved 1161216K
  class space    used 15331K, capacity 16916K, committed 16944K, reserved 1048576K
Event: 7561.567 GC heap after
Heap after GC invocations=31 (full 4):
 PSYoungGen      total 507904K, used 39470K [0x00000000d5580000, 0x00000000fbf00000, 0x0000000100000000)
  eden space 467968K, 0% used [0x00000000d5580000,0x00000000d5580000,0x00000000f1e80000)
  from space 39936K, 98% used [0x00000000f1e80000,0x00000000f450b8c8,0x00000000f4580000)
  to   space 45568K, 0% used [0x00000000f9280000,0x00000000f9280000,0x00000000fbf00000)
 ParOldGen       total 155136K, used 62158K [0x0000000080000000, 0x0000000089780000, 0x00000000d5580000)
  object space 155136K, 40% used [0x0000000080000000,0x0000000083cb3968,0x0000000089780000)
 Metaspace       used 119467K, capacity 128776K, committed 129048K, reserved 1161216K
  class space    used 15331K, capacity 16916K, committed 16944K, reserved 1048576K
}
Event: 7643.961 GC heap before
{Heap before GC invocations=32 (full 4):
 PSYoungGen      total 507904K, used 507438K [0x00000000d5580000, 0x00000000fbf00000, 0x0000000100000000)
  eden space 467968K, 100% used [0x00000000d5580000,0x00000000f1e80000,0x00000000f1e80000)
  from space 39936K, 98% used [0x00000000f1e80000,0x00000000f450b8c8,0x00000000f4580000)
  to   space 45568K, 0% used [0x00000000f9280000,0x00000000f9280000,0x00000000fbf00000)
 ParOldGen       total 155136K, used 62158K [0x0000000080000000, 0x0000000089780000, 0x00000000d5580000)
  object space 155136K, 40% used [0x0000000080000000,0x0000000083cb3968,0x0000000089780000)
 Metaspace       used 120454K, capacity 129966K, committed 130328K, reserved 1163264K
  class space    used 15437K, capacity 17073K, committed 17200K, reserved 1048576K
Event: 7645.657 GC heap after
Heap after GC invocations=32 (full 4):
 PSYoungGen      total 575488K, used 45544K [0x00000000d5580000, 0x00000000fd500000, 0x0000000100000000)
  eden space 529920K, 0% used [0x00000000d5580000,0x00000000d5580000,0x00000000f5b00000)
  from space 45568K, 99% used [0x00000000f9280000,0x00000000fbefa0b0,0x00000000fbf00000)
  to   space 56832K, 0% used [0x00000000f5b00000,0x00000000f5b00000,0x00000000f9280000)
 ParOldGen       total 155136K, used 73678K [0x0000000080000000, 0x0000000089780000, 0x00000000d5580000)
  object space 155136K, 47% used [0x0000000080000000,0x00000000847f3800,0x0000000089780000)
 Metaspace       used 120454K, capacity 129966K, committed 130328K, reserved 1163264K
  class space    used 15437K, capacity 17073K, committed 17200K, reserved 1048576K
}
Event: 7748.626 GC heap before
{Heap before GC invocations=33 (full 4):
 PSYoungGen      total 575488K, used 575464K [0x00000000d5580000, 0x00000000fd500000, 0x0000000100000000)
  eden space 529920K, 100% used [0x00000000d5580000,0x00000000f5b00000,0x00000000f5b00000)
  from space 45568K, 99% used [0x00000000f9280000,0x00000000fbefa0b0,0x00000000fbf00000)
  to   space 56832K, 0% used [0x00000000f5b00000,0x00000000f5b00000,0x00000000f9280000)
 ParOldGen       total 155136K, used 73678K [0x0000000080000000, 0x0000000089780000, 0x00000000d5580000)
  object space 155136K, 47% used [0x0000000080000000,0x00000000847f3800,0x0000000089780000)
 Metaspace       used 122959K, capacity 132750K, committed 133016K, reserved 1165312K
  class space    used 15728K, capacity 17458K, committed 17584K, reserved 1048576K
Event: 7750.327 GC heap after
Heap after GC invocations=33 (full 4):
 PSYoungGen      total 586752K, used 53361K [0x00000000d5580000, 0x0000000100000000, 0x0000000100000000)
  eden space 529920K, 0% used [0x00000000d5580000,0x00000000d5580000,0x00000000f5b00000)
  from space 56832K, 93% used [0x00000000f5b00000,0x00000000f8f1c420,0x00000000f9280000)
  to   space 64512K, 0% used [0x00000000fc100000,0x00000000fc100000,0x0000000100000000)
 ParOldGen       total 155136K, used 74006K [0x0000000080000000, 0x0000000089780000, 0x00000000d5580000)
  object space 155136K, 47% used [0x0000000080000000,0x0000000084845820,0x0000000089780000)
 Metaspace       used 122959K, capacity 132750K, committed 133016K, reserved 1165312K
  class space    used 15728K, capacity 17458K, committed 17584K, reserved 1048576K
}

